2024/02/24 17:34:27  20240224223427-20ba3792   ALL  	 Lorem ipsum dolor sit amet, consectetur adipiscing elit.

2024/02/24 17:34:27  20240224223427-20ba3792   DEBUG  	 Cras mollis erat sed turpis porttitor fermentum.

2024/02/24 17:34:27  20240224223427-20ba3792   INFO  	 Donec et dolor placerat, tempor elit et, hendrerit nibh.

2024/02/24 17:34:27  20240224223427-20ba3792   WARNING  	 Curabitur consequat massa id diam laoreet, eget vestibulum urna blandit.

2024/02/24 17:34:27  20240224223427-20ba3792   ERROR  	 Praesent ac lacus et nisi rhoncus mollis sit amet lacinia odio.

2024/02/24 17:34:28  20240224223427-20ba3792   FATAL  	 Curabitur a tortor sed mauris ultricies sodales accumsan non turpis.

2024/02/24 17:34:28  20240224223427-20ba3792   TRACE  	 Phasellus at sem aliquam, cursus elit eu, luctus dolor.

2024/02/24 17:35:20  20240224223520-cca54f33   ALL  	 Lorem ipsum dolor sit amet, consectetur adipiscing elit.

2024/02/24 17:35:20  20240224223520-cca54f33   DEBUG  	 Cras mollis erat sed turpis porttitor fermentum.

2024/02/24 17:35:20  20240224223520-cca54f33   INFO  	 Donec et dolor placerat, tempor elit et, hendrerit nibh.

2024/02/24 17:35:20  20240224223520-cca54f33   WARNING  	 Curabitur consequat massa id diam laoreet, eget vestibulum urna blandit.

2024/02/24 17:35:20  20240224223520-cca54f33   ERROR  	 Praesent ac lacus et nisi rhoncus mollis sit amet lacinia odio.

2024/02/24 17:35:20  20240224223520-cca54f33   FATAL  	 Curabitur a tortor sed mauris ultricies sodales accumsan non turpis.

2024/02/24 17:36:52  20240224223652-12313eac   ALL  	 Lorem ipsum dolor sit amet, consectetur adipiscing elit.

2024/02/24 17:36:52  20240224223652-12313eac   DEBUG  	 Cras mollis erat sed turpis porttitor fermentum.

2024/02/24 17:36:52  20240224223652-12313eac   INFO  	 Donec et dolor placerat, tempor elit et, hendrerit nibh.

2024/02/24 17:36:52  20240224223652-12313eac   WARNING  	 Curabitur consequat massa id diam laoreet, eget vestibulum urna blandit.

2024/02/24 17:36:52  20240224223652-12313eac   ERROR  	 Praesent ac lacus et nisi rhoncus mollis sit amet lacinia odio.

2024/02/24 17:36:52  20240224223652-12313eac   FATAL  	 Curabitur a tortor sed mauris ultricies sodales accumsan non turpis.

2024/02/24 17:36:52  20240224223652-12313eac   TRACE  	 Phasellus at sem aliquam, cursus elit eu, luctus dolor.

2024/02/24 17:38:43  20240224223843-ed7df798   ALL  	 Lorem ipsum dolor sit amet, consectetur adipiscing elit.

2024/02/24 17:38:43  20240224223843-ed7df798   DEBUG  	 Cras mollis erat sed turpis porttitor fermentum.

2024/02/24 17:38:43  20240224223843-ed7df798   INFO  	 Donec et dolor placerat, tempor elit et, hendrerit nibh.

2024/02/24 17:38:43  20240224223843-ed7df798   WARNING  	 Curabitur consequat massa id diam laoreet, eget vestibulum urna blandit.

2024/02/24 17:38:43  20240224223843-ed7df798   ERROR  	 Praesent ac lacus et nisi rhoncus mollis sit amet lacinia odio.

2024/02/24 17:38:43  20240224223843-ed7df798   FATAL  	 Curabitur a tortor sed mauris ultricies sodales accumsan non turpis.

2024/02/24 17:38:43  20240224223843-ed7df798   TRACE  	 Phasellus at sem aliquam, cursus elit eu, luctus dolor.

2024/02/24 17:38:53  20240224223843-ed7df798   INFO  	 My name is Bhuwan

2024/02/24 17:48:42  20240224224842-4967dff7   ALL  	 Lorem ipsum dolor sit amet, consectetur adipiscing elit.

2024/02/24 17:48:42  20240224224842-4967dff7   INFO  	 Donec et dolor placerat, tempor elit et, hendrerit nibh.

2024/02/24 17:48:42  20240224224842-4967dff7   WARNING  	 Curabitur consequat massa id diam laoreet, eget vestibulum urna blandit.

2024/02/24 17:48:42  20240224224842-4967dff7   DEBUG  	 Cras mollis erat sed turpis porttitor fermentum.

2024/02/24 17:48:42  20240224224842-4967dff7   ERROR  	 Praesent ac lacus et nisi rhoncus mollis sit amet lacinia odio.

2024/02/24 17:48:42  20240224224842-4967dff7   FATAL  	 Curabitur a tortor sed mauris ultricies sodales accumsan non turpis.

2024/02/24 17:48:43  20240224224842-4967dff7   TRACE  	 Phasellus at sem aliquam, cursus elit eu, luctus dolor.

2024/02/24 17:52:44  20240224225244-cd8d38db   ALL  	 Lorem ipsum dolor sit amet, consectetur adipiscing elit.

2024/02/24 17:52:44  20240224225244-cd8d38db   DEBUG  	 Cras mollis erat sed turpis porttitor fermentum.

2024/02/24 17:52:44  20240224225244-cd8d38db   WARNING  	 Curabitur consequat massa id diam laoreet, eget vestibulum urna blandit.

2024/02/24 17:52:44  20240224225244-cd8d38db   INFO  	 Donec et dolor placerat, tempor elit et, hendrerit nibh.

2024/02/24 17:52:44  20240224225244-cd8d38db   ERROR  	 Praesent ac lacus et nisi rhoncus mollis sit amet lacinia odio.

2024/02/24 17:52:44  20240224225244-cd8d38db   TRACE  	 Phasellus at sem aliquam, cursus elit eu, luctus dolor.

2024/02/24 17:52:44  20240224225244-cd8d38db   FATAL  	 Curabitur a tortor sed mauris ultricies sodales accumsan non turpis.

2024/02/24 19:33:59  20240225003359-61f1e2ca   DEBUG  	 Cras mollis erat sed turpis porttitor fermentum.

2024/02/24 19:33:59  20240225003359-61f1e2ca   ALL  	 Lorem ipsum dolor sit amet, consectetur adipiscing elit.

2024/02/24 19:33:59  20240225003359-61f1e2ca   INFO  	 Donec et dolor placerat, tempor elit et, hendrerit nibh.

2024/02/24 19:33:59  20240225003359-61f1e2ca   WARNING  	 Curabitur consequat massa id diam laoreet, eget vestibulum urna blandit.

2024/02/24 19:33:59  20240225003359-61f1e2ca   ERROR  	 Praesent ac lacus et nisi rhoncus mollis sit amet lacinia odio.

2024/02/24 19:33:59  20240225003359-61f1e2ca   FATAL  	 Curabitur a tortor sed mauris ultricies sodales accumsan non turpis.

2024/02/24 19:33:59  20240225003359-61f1e2ca   TRACE  	 Phasellus at sem aliquam, cursus elit eu, luctus dolor.

